<?xml version="1.0" encoding="UTF-8"?>
<!-- Generated by org.testng.reporters.JUnitReportReporter -->
<testsuite skipped="0" hostname="Hasee-PC" name="testNG.AssertionsExample" tests="1" failures="0" timestamp="23 Dec 2018 14:49:39 GMT" time="0.047" errors="0">
  <testcase name="checkEqual" time="0.047" classname="testNG.AssertionsExample"/>
</testsuite> <!-- testNG.AssertionsExample -->
