<?xml version="1.0" encoding="UTF-8"?>
<!-- Generated by org.testng.reporters.JUnitReportReporter -->
<testsuite skipped="0" hostname="Hasee-PC" name="testNG.AnnotationsHierachyExample" tests="1" failures="0" timestamp="23 Dec 2018 15:05:54 GMT" time="0.015" errors="0">
  <testcase name="test" time="0.015" classname="testNG.AnnotationsHierachyExample"/>
</testsuite> <!-- testNG.AnnotationsHierachyExample -->
