<?xml version="1.0" encoding="UTF-8"?>
<!-- Generated by org.testng.reporters.JUnitReportReporter -->
<testsuite skipped="0" hostname="Hasee-PC" name="testNG.SampleTestCase" tests="1" failures="0" timestamp="23 Dec 2018 16:49:50 GMT" time="0.029" errors="0">
  <testcase name="firstTestCase" time="0.029" classname="testNG.SampleTestCase"/>
</testsuite> <!-- testNG.SampleTestCase -->
