<?xml version="1.0" encoding="UTF-8"?>
<!-- Generated by org.testng.reporters.JUnitReportReporter -->
<testsuite skipped="0" hostname="Hasee-PC" name="testNG.ParallelTesting" tests="2" failures="0" timestamp="23 Dec 2018 13:34:37 GMT" time="35.480" errors="0">
  <testcase name="openBing" time="16.786" classname="testNG.ParallelTesting"/>
  <testcase name="openGoogle" time="18.694" classname="testNG.ParallelTesting"/>
</testsuite> <!-- testNG.ParallelTesting -->
