<?xml version="1.0" encoding="UTF-8"?>
<!-- Generated by org.testng.reporters.JUnitReportReporter -->
<testsuite skipped="0" hostname="Hasee-PC" name="testNG.ListenersExample" tests="1" failures="0" timestamp="23 Dec 2018 15:18:18 GMT" time="0.036" errors="0">
  <testcase name="test" time="0.036" classname="testNG.ListenersExample"/>
</testsuite> <!-- testNG.ListenersExample -->
