<?xml version="1.0" encoding="UTF-8"?>
<!-- Generated by org.testng.reporters.JUnitReportReporter -->
<testsuite hostname="LAPTOP-UH4RKFB9" failures="0" tests="3" name="com.lao.selenium.testNg.HandleDependencies" time="0.013" errors="0" timestamp="2023-11-21T01:12:57 IST" skipped="0">
  <testcase classname="com.lao.selenium.testNg.HandleDependencies" name="HigherSecondary" time="0.002"/>
  <testcase classname="com.lao.selenium.testNg.HandleDependencies" name="College" time="0.003"/>
  <testcase classname="com.lao.selenium.testNg.HandleDependencies" name="HighSchool" time="0.008"/>
</testsuite> <!-- com.lao.selenium.testNg.HandleDependencies -->
