<?xml version="1.0" encoding="UTF-8"?>
<!-- Generated by org.testng.reporters.JUnitReportReporter -->
<testsuite hostname="LAPTOP-UH4RKFB9" failures="0" tests="2" name="com.lao.selenium.testNg.AssertionExample" time="0.015" errors="0" timestamp="2023-11-21T01:12:37 IST" skipped="0">
  <testcase classname="com.lao.selenium.testNg.AssertionExample" name="checkCollege" time="0.012"/>
  <testcase classname="com.lao.selenium.testNg.AssertionExample" name="checkName" time="0.003"/>
</testsuite> <!-- com.lao.selenium.testNg.AssertionExample -->
