<?xml version="1.0" encoding="UTF-8"?>
<!-- Generated by org.testng.reporters.JUnitReportReporter -->
<testsuite hostname="LAPTOP-UH4RKFB9" failures="0" tests="6" name="com.lao.selenium.testNg.SkipATestCase" time="0.017" errors="0" timestamp="2023-11-21T01:18:23 IST" skipped="1">
  <testcase classname="com.lao.selenium.testNg.SkipATestCase" name="startACar" time="0.008"/>
  <testcase classname="com.lao.selenium.testNg.SkipATestCase" name="putFirstGear" time="0.002"/>
  <testcase classname="com.lao.selenium.testNg.SkipATestCase" name="putSecondGear" time="0.001"/>
  <testcase classname="com.lao.selenium.testNg.SkipATestCase" name="putThirdGear" time="0.004"/>
  <testcase classname="com.lao.selenium.testNg.SkipATestCase" name="putFourthGear" time="0.002"/>
  <testcase classname="com.lao.selenium.testNg.SkipATestCase" name="turnMusicOn">
    <skipped/>
  </testcase> <!-- turnMusicOn -->
</testsuite> <!-- com.lao.selenium.testNg.SkipATestCase -->
