<?xml version="1.0" encoding="UTF-8"?>
<!-- Generated by org.testng.reporters.JUnitReportReporter -->
<testsuite hostname="LAPTOP-UH4RKFB9" failures="0" tests="3" name="com.lao.selenium.testNg.DependeciesManagement" time="0.013" errors="0" timestamp="2023-11-21T01:12:46 IST" skipped="0">
  <testcase classname="com.lao.selenium.testNg.DependeciesManagement" name="higherSecondarySchool" time="0.002"/>
  <testcase classname="com.lao.selenium.testNg.DependeciesManagement" name="college" time="0.004"/>
  <testcase classname="com.lao.selenium.testNg.DependeciesManagement" name="highSchool" time="0.007"/>
</testsuite> <!-- com.lao.selenium.testNg.DependeciesManagement -->
