<?xml version="1.0" encoding="UTF-8"?>
<!-- Generated by org.testng.reporters.JUnitReportReporter -->
<testsuite hostname="LAPTOP-UH4RKFB9" failures="0" tests="5" name="com.lao.selenium.testNg.DriveACar" time="0.017" errors="0" timestamp="2023-11-21T01:12:50 IST" skipped="0">
  <testcase classname="com.lao.selenium.testNg.DriveACar" name="putFirstGear" time="0.007"/>
  <testcase classname="com.lao.selenium.testNg.DriveACar" name="putSecondGear" time="0.004"/>
  <testcase classname="com.lao.selenium.testNg.DriveACar" name="startACar" time="0.002"/>
  <testcase classname="com.lao.selenium.testNg.DriveACar" name="putThirdGear" time="0.001"/>
  <testcase classname="com.lao.selenium.testNg.DriveACar" name="putFourthGear" time="0.003"/>
</testsuite> <!-- com.lao.selenium.testNg.DriveACar -->
