<?xml version="1.0" encoding="UTF-8"?>
<!-- Generated by org.testng.reporters.JUnitReportReporter -->
<testsuite hostname="LAPTOP-UH4RKFB9" failures="0" tests="1" name="com.lao.selenium.testNg.HierarchyExample" time="0.006" errors="0" timestamp="2023-11-21T11:48:57 IST" skipped="0">
  <testcase classname="com.lao.selenium.testNg.HierarchyExample" name="test" time="0.006"/>
</testsuite> <!-- com.lao.selenium.testNg.HierarchyExample -->
