<?xml version="1.0" encoding="UTF-8"?>
<!-- Generated by org.testng.reporters.JUnitReportReporter -->
<testsuite hostname="LAPTOP-UH4RKFB9" failures="0" tests="1" name="testcases.Login_testcase" time="38.524" errors="0" timestamp="2023-10-31T11:56:12 IST" skipped="0">
  <testcase classname="testcases.Login_testcase" name="Login" time="38.524"/>
</testsuite> <!-- testcases.Login_testcase -->
