<?xml version="1.0" encoding="UTF-8"?>
<!-- Generated by org.testng.reporters.JUnitReportReporter -->
<testsuite hostname="DESKTOP-ACA6P4J" failures="0" tests="6" name="com.lao.selenium.testNg.SkipATestCase" time="0.021" errors="0" timestamp="2023-03-17T22:30:18 IST" skipped="1">
  <testcase classname="com.lao.selenium.testNg.SkipATestCase" name="startACar" time="0.010"/>
  <system-out/>
  <testcase classname="com.lao.selenium.testNg.SkipATestCase" name="putFirstGear" time="0.001"/>
  <system-out/>
  <testcase classname="com.lao.selenium.testNg.SkipATestCase" name="putSecondGear" time="0.001"/>
  <system-out/>
  <testcase classname="com.lao.selenium.testNg.SkipATestCase" name="putThirdGear" time="0.004"/>
  <system-out/>
  <testcase classname="com.lao.selenium.testNg.SkipATestCase" name="putFourthGear" time="0.005"/>
  <system-out/>
  <testcase classname="com.lao.selenium.testNg.SkipATestCase" name="turnMusicOn">
    <skipped/>
  </testcase> <!-- turnMusicOn -->
  <system-out/>
</testsuite> <!-- com.lao.selenium.testNg.SkipATestCase -->
