<?xml version="1.0" encoding="UTF-8"?>
<!-- Generated by org.testng.reporters.JUnitReportReporter -->
<testsuite hostname="DESKTOP-ACA6P4J" failures="0" tests="2" name="com.lao.selenium.testNg.AssertionExample" time="0.368" errors="0" timestamp="2023-09-02T11:46:18 IST" skipped="0">
  <testcase classname="com.lao.selenium.testNg.AssertionExample" name="checkCollege" time="0.230"/>
  <system-out/>
  <testcase classname="com.lao.selenium.testNg.AssertionExample" name="checkName" time="0.138"/>
  <system-out/>
</testsuite> <!-- com.lao.selenium.testNg.AssertionExample -->
