<?xml version="1.0" encoding="UTF-8"?>
<!-- Generated by org.testng.reporters.JUnitReportReporter -->
<testsuite hostname="DESKTOP-ACA6P4J" failures="0" tests="3" name="com.lao.selenium.testNg.HierarchyExample" time="0.038" errors="0" timestamp="2023-09-27T12:15:47 IST" skipped="0">
  <testcase classname="com.lao.selenium.testNg.HierarchyExample" name="test" time="0.008"/>
  <system-out/>
  <testcase classname="com.lao.selenium.testNg.HierarchyExample" name="test" time="0.012"/>
  <system-out/>
  <testcase classname="com.lao.selenium.testNg.HierarchyExample" name="test" time="0.018"/>
  <system-out/>
</testsuite> <!-- com.lao.selenium.testNg.HierarchyExample -->
