<?xml version="1.0" encoding="UTF-8"?>
<!-- Generated by org.testng.reporters.JUnitReportReporter -->
<testsuite hostname="DESKTOP-ACA6P4J" failures="0" tests="2" name="com.lao.selenium.testNg.ParallelTesting" time="102.683" errors="0" timestamp="2023-04-05T22:40:54 IST" skipped="0">
  <testcase classname="com.lao.selenium.testNg.ParallelTesting" name="openGoogle" time="50.382"/>
  <system-out/>
  <testcase classname="com.lao.selenium.testNg.ParallelTesting" name="openBing" time="52.301"/>
  <system-out/>
</testsuite> <!-- com.lao.selenium.testNg.ParallelTesting -->
