<?xml version="1.0" encoding="UTF-8"?>
<!-- Generated by org.testng.reporters.JUnitReportReporter -->
<testsuite hostname="DESKTOP-ACA6P4J" failures="0" tests="5" name="com.lao.selenium.testNg.DriveACar" time="0.039" errors="0" timestamp="2023-04-04T21:27:55 IST" skipped="0">
  <testcase classname="com.lao.selenium.testNg.DriveACar" name="putFirstGear" time="0.020"/>
  <system-out/>
  <testcase classname="com.lao.selenium.testNg.DriveACar" name="putSecondGear" time="0.009"/>
  <system-out/>
  <testcase classname="com.lao.selenium.testNg.DriveACar" name="startACar" time="0.003"/>
  <system-out/>
  <testcase classname="com.lao.selenium.testNg.DriveACar" name="putThirdGear" time="0.004"/>
  <system-out/>
  <testcase classname="com.lao.selenium.testNg.DriveACar" name="putFourthGear" time="0.003"/>
  <system-out/>
</testsuite> <!-- com.lao.selenium.testNg.DriveACar -->
