<?xml version="1.0" encoding="UTF-8"?>
<!-- Generated by org.testng.reporters.JUnitReportReporter -->
<testsuite hostname="DESKTOP-ACA6P4J" failures="0" tests="3" name="com.lao.selenium.testNg.HandleDependencies" time="0.007" errors="0" timestamp="2021-04-25T13:33:22 IST" skipped="0">
  <testcase classname="com.lao.selenium.testNg.HandleDependencies" name="HigherSecondary" time="0.002"/>
  <system-out/>
  <testcase classname="com.lao.selenium.testNg.HandleDependencies" name="HighSchool" time="0.004"/>
  <system-out/>
  <testcase classname="com.lao.selenium.testNg.HandleDependencies" name="College" time="0.001"/>
  <system-out/>
</testsuite> <!-- com.lao.selenium.testNg.HandleDependencies -->
