<?xml version="1.0" encoding="UTF-8"?>
<!-- Generated by org.testng.reporters.JUnitReportReporter -->
<testsuite hostname="DESKTOP-ACA6P4J" failures="0" tests="3" name="com.lao.selenium.testNg.SampleTestNgTestCase" time="0.023" errors="0" timestamp="2021-04-25T00:42:58 IST" skipped="0">
  <testcase classname="com.lao.selenium.testNg.SampleTestNgTestCase" name="FirstTestCase" time="0.011"/>
  <system-out/>
  <testcase classname="com.lao.selenium.testNg.SampleTestNgTestCase" name="ThirdTestCase" time="0.007"/>
  <system-out/>
  <testcase classname="com.lao.selenium.testNg.SampleTestNgTestCase" name="SecondTestCase" time="0.005"/>
  <system-out/>
</testsuite> <!-- com.lao.selenium.testNg.SampleTestNgTestCase -->
